artifacts/contract-ai/twa/app/build/intermediates/manifest_merge_blame_file/release/processReleaseMainManifest/manifest-merger-blame-release-report.txt
1<?xml version="1.0" encoding="utf-8"?>
2<manifest xmlns:android="http://schemas.android.com/apk/res/android"
3    package="com.contractaiscan.app"
4    android:versionCode="2"
5    android:versionName="1.1.0" >
6
7    <uses-sdk
8        android:minSdkVersion="21"
9        android:targetSdkVersion="36" />
10
11    <uses-permission android:name="android.permission.INTERNET" />
11-->src/main/AndroidManifest.xml:4:5-66
11-->src/main/AndroidManifest.xml:4:22-64
12    <uses-permission android:name="android.permission.ACCESS_NETWORK_STATE" />
12-->src/main/AndroidManifest.xml:5:5-78
12-->src/main/AndroidManifest.xml:5:22-76
13    <uses-permission android:name="android.permission.USE_BIOMETRIC" />
13-->src/main/AndroidManifest.xml:6:5-71
13-->src/main/AndroidManifest.xml:6:22-69
14    <uses-permission android:name="android.permission.USE_FINGERPRINT" />
14-->src/main/AndroidManifest.xml:7:5-73
14-->src/main/AndroidManifest.xml:7:22-71
15
16    <queries>
16-->[com.google.androidbrowserhelper:androidbrowserhelper:2.5.0] AndroidManifest.xml:26:5-34:15
17        <intent>
17-->[com.google.androidbrowserhelper:androidbrowserhelper:2.5.0] AndroidManifest.xml:27:9-33:18
18            <action android:name="android.intent.action.VIEW" />
18-->src/main/AndroidManifest.xml:82:17-68
18-->src/main/AndroidManifest.xml:82:25-66
19
20            <category android:name="android.intent.category.BROWSABLE" />
20-->src/main/AndroidManifest.xml:84:17-77
20-->src/main/AndroidManifest.xml:84:27-75
21
22            <data android:scheme="https" />
22-->src/main/AndroidManifest.xml:85:17-87:69
22-->src/main/AndroidManifest.xml:86:21-43
23        </intent>
24    </queries>
25
26    <permission
26-->[androidx.core:core:1.13.1] AndroidManifest.xml:22:5-24:47
27        android:name="com.contractaiscan.app.DYNAMIC_RECEIVER_NOT_EXPORTED_PERMISSION"
27-->[androidx.core:core:1.13.1] AndroidManifest.xml:23:9-81
28        android:protectionLevel="signature" />
28-->[androidx.core:core:1.13.1] AndroidManifest.xml:24:9-44
29
30    <uses-permission android:name="com.contractaiscan.app.DYNAMIC_RECEIVER_NOT_EXPORTED_PERMISSION" />
30-->[androidx.core:core:1.13.1] AndroidManifest.xml:26:5-97
30-->[androidx.core:core:1.13.1] AndroidManifest.xml:26:22-94
31
32    <application
32-->src/main/AndroidManifest.xml:9:5-101:19
33        android:name="com.contractaiscan.app.ContractAIApplication"
33-->src/main/AndroidManifest.xml:10:9-46
34        android:allowBackup="false"
34-->src/main/AndroidManifest.xml:11:9-36
35        android:appComponentFactory="androidx.core.app.CoreComponentFactory"
35-->[androidx.core:core:1.13.1] AndroidManifest.xml:28:18-86
36        android:extractNativeLibs="true"
37        android:hardwareAccelerated="true"
37-->src/main/AndroidManifest.xml:17:9-43
38        android:icon="@mipmap/ic_launcher"
38-->src/main/AndroidManifest.xml:12:9-43
39        android:label="@string/app_name"
39-->src/main/AndroidManifest.xml:14:9-41
40        android:networkSecurityConfig="@xml/network_security_config"
40-->src/main/AndroidManifest.xml:18:9-69
41        android:roundIcon="@mipmap/ic_launcher_round"
41-->src/main/AndroidManifest.xml:13:9-54
42        android:supportsRtl="true"
42-->src/main/AndroidManifest.xml:16:9-35
43        android:theme="@style/AppTheme" >
43-->src/main/AndroidManifest.xml:15:9-40
44
45        <!-- Splash + gating activity (launcher entry point) -->
46        <activity
46-->src/main/AndroidManifest.xml:21:9-32:20
47            android:name="com.contractaiscan.app.SplashActivity"
47-->src/main/AndroidManifest.xml:22:13-43
48            android:exported="true"
48-->src/main/AndroidManifest.xml:23:13-36
49            android:launchMode="singleTop"
49-->src/main/AndroidManifest.xml:25:13-43
50            android:screenOrientation="portrait"
50-->src/main/AndroidManifest.xml:26:13-49
51            android:theme="@style/SplashTheme"
51-->src/main/AndroidManifest.xml:24:13-47
52            android:windowSoftInputMode="stateHidden" >
52-->src/main/AndroidManifest.xml:27:13-54
53            <intent-filter>
53-->src/main/AndroidManifest.xml:28:13-31:29
54                <action android:name="android.intent.action.MAIN" />
54-->src/main/AndroidManifest.xml:29:17-68
54-->src/main/AndroidManifest.xml:29:25-66
55
56                <category android:name="android.intent.category.LAUNCHER" />
56-->src/main/AndroidManifest.xml:30:17-76
56-->src/main/AndroidManifest.xml:30:27-74
57            </intent-filter>
58        </activity>
59
60        <!-- TWA activity: loads the live website as a native window (no URL bar) -->
61        <activity
61-->src/main/AndroidManifest.xml:35:9-89:20
62            android:name="com.google.androidbrowserhelper.trusted.LauncherActivity"
62-->src/main/AndroidManifest.xml:36:13-84
63            android:exported="true"
63-->src/main/AndroidManifest.xml:37:13-36
64            android:launchMode="singleTop"
64-->src/main/AndroidManifest.xml:38:13-43
65            android:screenOrientation="portrait" >
65-->src/main/AndroidManifest.xml:39:13-49
66            <meta-data
66-->src/main/AndroidManifest.xml:41:13-43:74
67                android:name="android.support.customtabs.trusted.DEFAULT_URL"
67-->src/main/AndroidManifest.xml:42:17-78
68                android:value="https://app--contractscanner.replit.app" />
68-->src/main/AndroidManifest.xml:43:17-72
69            <meta-data
69-->src/main/AndroidManifest.xml:45:13-47:54
70                android:name="android.support.customtabs.trusted.STATUS_BAR_COLOR"
70-->src/main/AndroidManifest.xml:46:17-83
71                android:value="@color/colorPrimary" />
71-->src/main/AndroidManifest.xml:47:17-52
72            <meta-data
72-->src/main/AndroidManifest.xml:49:13-51:54
73                android:name="android.support.customtabs.trusted.STATUS_BAR_COLOR_DARK"
73-->src/main/AndroidManifest.xml:50:17-88
74                android:value="@color/colorPrimary" />
74-->src/main/AndroidManifest.xml:51:17-52
75            <meta-data
75-->src/main/AndroidManifest.xml:53:13-55:57
76                android:name="android.support.customtabs.trusted.NAVIGATION_BAR_COLOR"
76-->src/main/AndroidManifest.xml:54:17-87
77                android:value="@color/colorBackground" />
77-->src/main/AndroidManifest.xml:55:17-55
78            <meta-data
78-->src/main/AndroidManifest.xml:57:13-59:57
79                android:name="android.support.customtabs.trusted.NAVIGATION_BAR_DIVIDER_COLOR"
79-->src/main/AndroidManifest.xml:58:17-95
80                android:value="@color/colorBackground" />
80-->src/main/AndroidManifest.xml:59:17-55
81            <meta-data
81-->src/main/AndroidManifest.xml:61:13-63:59
82                android:name="android.support.customtabs.trusted.SPLASH_IMAGE_DRAWABLE"
82-->src/main/AndroidManifest.xml:62:17-88
83                android:resource="@drawable/splash_icon" />
83-->src/main/AndroidManifest.xml:63:17-57
84            <meta-data
84-->src/main/AndroidManifest.xml:65:13-67:57
85                android:name="android.support.customtabs.trusted.SPLASH_SCREEN_BACKGROUND_COLOR"
85-->src/main/AndroidManifest.xml:66:17-97
86                android:value="@color/colorBackground" />
86-->src/main/AndroidManifest.xml:67:17-55
87            <meta-data
87-->src/main/AndroidManifest.xml:69:13-71:38
88                android:name="android.support.customtabs.trusted.SPLASH_SCREEN_FADE_OUT_DURATION"
88-->src/main/AndroidManifest.xml:70:17-98
89                android:value="300" />
89-->src/main/AndroidManifest.xml:71:17-36
90            <meta-data
90-->src/main/AndroidManifest.xml:73:13-75:70
91                android:name="android.support.customtabs.trusted.FILE_PROVIDER_AUTHORITY"
91-->src/main/AndroidManifest.xml:74:17-90
92                android:value="com.contractaiscan.app.fileprovider" />
92-->src/main/AndroidManifest.xml:75:17-68
93            <meta-data
93-->src/main/AndroidManifest.xml:77:13-79:45
94                android:name="android.support.customtabs.trusted.FALLBACK_STRATEGY"
94-->src/main/AndroidManifest.xml:78:17-84
95                android:value="customtabs" />
95-->src/main/AndroidManifest.xml:79:17-43
96
97            <intent-filter>
97-->src/main/AndroidManifest.xml:81:13-88:29
98                <action android:name="android.intent.action.VIEW" />
98-->src/main/AndroidManifest.xml:82:17-68
98-->src/main/AndroidManifest.xml:82:25-66
99
100                <category android:name="android.intent.category.DEFAULT" />
100-->src/main/AndroidManifest.xml:83:17-75
100-->src/main/AndroidManifest.xml:83:27-73
101                <category android:name="android.intent.category.BROWSABLE" />
101-->src/main/AndroidManifest.xml:84:17-77
101-->src/main/AndroidManifest.xml:84:27-75
102
103                <data
103-->src/main/AndroidManifest.xml:85:17-87:69
104                    android:host="app--contractscanner.replit.app"
104-->src/main/AndroidManifest.xml:87:21-67
105                    android:scheme="https" />
105-->src/main/AndroidManifest.xml:86:21-43
106            </intent-filter>
107        </activity>
108
109        <provider
109-->src/main/AndroidManifest.xml:91:9-99:20
110            android:name="androidx.core.content.FileProvider"
110-->src/main/AndroidManifest.xml:92:13-62
111            android:authorities="com.contractaiscan.app.fileprovider"
111-->src/main/AndroidManifest.xml:93:13-70
112            android:exported="false"
112-->src/main/AndroidManifest.xml:94:13-37
113            android:grantUriPermissions="true" >
113-->src/main/AndroidManifest.xml:95:13-47
114            <meta-data
114-->src/main/AndroidManifest.xml:96:13-98:52
115                android:name="android.support.FILE_PROVIDER_PATHS"
115-->src/main/AndroidManifest.xml:97:17-67
116                android:resource="@xml/filepaths" />
116-->src/main/AndroidManifest.xml:98:17-50
117        </provider>
118        <provider
118-->[androidx.emoji2:emoji2:1.3.0] AndroidManifest.xml:24:9-32:20
119            android:name="androidx.startup.InitializationProvider"
119-->[androidx.emoji2:emoji2:1.3.0] AndroidManifest.xml:25:13-67
120            android:authorities="com.contractaiscan.app.androidx-startup"
120-->[androidx.emoji2:emoji2:1.3.0] AndroidManifest.xml:26:13-68
121            android:exported="false" >
121-->[androidx.emoji2:emoji2:1.3.0] AndroidManifest.xml:27:13-37
122            <meta-data
122-->[androidx.emoji2:emoji2:1.3.0] AndroidManifest.xml:29:13-31:52
123                android:name="androidx.emoji2.text.EmojiCompatInitializer"
123-->[androidx.emoji2:emoji2:1.3.0] AndroidManifest.xml:30:17-75
124                android:value="androidx.startup" />
124-->[androidx.emoji2:emoji2:1.3.0] AndroidManifest.xml:31:17-49
125            <meta-data
125-->[androidx.lifecycle:lifecycle-process:2.9.0] AndroidManifest.xml:29:13-31:52
126                android:name="androidx.lifecycle.ProcessLifecycleInitializer"
126-->[androidx.lifecycle:lifecycle-process:2.9.0] AndroidManifest.xml:30:17-78
127                android:value="androidx.startup" />
127-->[androidx.lifecycle:lifecycle-process:2.9.0] AndroidManifest.xml:31:17-49
128            <meta-data
128-->[androidx.profileinstaller:profileinstaller:1.4.0] AndroidManifest.xml:29:13-31:52
129                android:name="androidx.profileinstaller.ProfileInstallerInitializer"
129-->[androidx.profileinstaller:profileinstaller:1.4.0] AndroidManifest.xml:30:17-85
130                android:value="androidx.startup" />
130-->[androidx.profileinstaller:profileinstaller:1.4.0] AndroidManifest.xml:31:17-49
131        </provider>
132
133        <uses-library
133-->[androidx.window:window:1.0.0] AndroidManifest.xml:25:9-27:40
134            android:name="androidx.window.extensions"
134-->[androidx.window:window:1.0.0] AndroidManifest.xml:26:13-54
135            android:required="false" />
135-->[androidx.window:window:1.0.0] AndroidManifest.xml:27:13-37
136        <uses-library
136-->[androidx.window:window:1.0.0] AndroidManifest.xml:28:9-30:40
137            android:name="androidx.window.sidecar"
137-->[androidx.window:window:1.0.0] AndroidManifest.xml:29:13-51
138            android:required="false" />
138-->[androidx.window:window:1.0.0] AndroidManifest.xml:30:13-37
139
140        <receiver
140-->[androidx.profileinstaller:profileinstaller:1.4.0] AndroidManifest.xml:34:9-52:20
141            android:name="androidx.profileinstaller.ProfileInstallReceiver"
141-->[androidx.profileinstaller:profileinstaller:1.4.0] AndroidManifest.xml:35:13-76
142            android:directBootAware="false"
142-->[androidx.profileinstaller:profileinstaller:1.4.0] AndroidManifest.xml:36:13-44
143            android:enabled="true"
143-->[androidx.profileinstaller:profileinstaller:1.4.0] AndroidManifest.xml:37:13-35
144            android:exported="true"
144-->[androidx.profileinstaller:profileinstaller:1.4.0] AndroidManifest.xml:38:13-36
145            android:permission="android.permission.DUMP" >
145-->[androidx.profileinstaller:profileinstaller:1.4.0] AndroidManifest.xml:39:13-57
146            <intent-filter>
146-->[androidx.profileinstaller:profileinstaller:1.4.0] AndroidManifest.xml:40:13-42:29
147                <action android:name="androidx.profileinstaller.action.INSTALL_PROFILE" />
147-->[androidx.profileinstaller:profileinstaller:1.4.0] AndroidManifest.xml:41:17-91
147-->[androidx.profileinstaller:profileinstaller:1.4.0] AndroidManifest.xml:41:25-88
148            </intent-filter>
149            <intent-filter>
149-->[androidx.profileinstaller:profileinstaller:1.4.0] AndroidManifest.xml:43:13-45:29
150                <action android:name="androidx.profileinstaller.action.SKIP_FILE" />
150-->[androidx.profileinstaller:profileinstaller:1.4.0] AndroidManifest.xml:44:17-85
150-->[androidx.profileinstaller:profileinstaller:1.4.0] AndroidManifest.xml:44:25-82
151            </intent-filter>
152            <intent-filter>
152-->[androidx.profileinstaller:profileinstaller:1.4.0] AndroidManifest.xml:46:13-48:29
153                <action android:name="androidx.profileinstaller.action.SAVE_PROFILE" />
153-->[androidx.profileinstaller:profileinstaller:1.4.0] AndroidManifest.xml:47:17-88
153-->[androidx.profileinstaller:profileinstaller:1.4.0] AndroidManifest.xml:47:25-85
154            </intent-filter>
155            <intent-filter>
155-->[androidx.profileinstaller:profileinstaller:1.4.0] AndroidManifest.xml:49:13-51:29
156                <action android:name="androidx.profileinstaller.action.BENCHMARK_OPERATION" />
156-->[androidx.profileinstaller:profileinstaller:1.4.0] AndroidManifest.xml:50:17-95
156-->[androidx.profileinstaller:profileinstaller:1.4.0] AndroidManifest.xml:50:25-92
157            </intent-filter>
158        </receiver>
159    </application>
160
161</manifest>